<?xml version="1.0" encoding="UTF-8"?>
<testsuite name="ohtuesimerkki.StatisticsTest" tests="4" skipped="0" failures="0" errors="0" timestamp="2019-11-04T19:50:55" hostname="lx8-fuxi103" time="0.009">
  <properties/>
  <testcase name="teamReturnsRightPlayers" classname="ohtuesimerkki.StatisticsTest" time="0.007"/>
  <testcase name="searchReturnsPlayer" classname="ohtuesimerkki.StatisticsTest" time="0.001"/>
  <testcase name="topscorersReturnsTop" classname="ohtuesimerkki.StatisticsTest" time="0.001"/>
  <testcase name="searchReturnsNullIfNoPlayersAreFound" classname="ohtuesimerkki.StatisticsTest" time="0.0"/>
  <system-out><![CDATA[]]></system-out>
  <system-err><![CDATA[]]></system-err>
</testsuite>
